Application/build/outputs/logs/manifest-merger-debug-report.txt
-- Merging decision tree log ---
manifest
ADDED from src\main\AndroidManifest.xml:3:1-30:12
	xmlns:android
		ADDED from src\main\AndroidManifest.xml:3:11-69
	package
		ADDED from src\main\AndroidManifest.xml:4:5-44
		INJECTED from src\main\AndroidManifest.xml
		INJECTED from src\main\AndroidManifest.xml
	android:versionName
		ADDED from src\main\AndroidManifest.xml:6:5-30
		INJECTED from src\main\AndroidManifest.xml
		INJECTED from src\main\AndroidManifest.xml
	android:versionCode
		ADDED from src\main\AndroidManifest.xml:5:5-28
		INJECTED from src\main\AndroidManifest.xml
		INJECTED from src\main\AndroidManifest.xml
uses-permission#android.permission.WRITE_EXTERNAL_STORAGE
ADDED from src\main\AndroidManifest.xml:9:5-81
	android:name
		ADDED from src\main\AndroidManifest.xml:9:22-78
uses-permission#android.permission.RECORD_AUDIO
ADDED from src\main\AndroidManifest.xml:10:5-71
	android:name
		ADDED from src\main\AndroidManifest.xml:10:22-68
application
ADDED from src\main\AndroidManifest.xml:12:5-27:19
MERGED from [com.android.support:support-v4:23.1.1] AndroidManifest.xml:22:5-20
MERGED from [com.android.support:gridlayout-v7:23.1.0] AndroidManifest.xml:22:5-20
MERGED from [com.android.support:support-v4:23.1.1] AndroidManifest.xml:22:5-20
MERGED from [com.android.support:cardview-v7:23.1.0] AndroidManifest.xml:22:5-20
MERGED from [com.android.support:appcompat-v7:23.1.1] AndroidManifest.xml:22:5-20
MERGED from [com.android.support:support-v4:23.1.1] AndroidManifest.xml:22:5-20
MERGED from [com.android.support:design:23.1.1] AndroidManifest.xml:22:5-20
MERGED from [com.android.support:appcompat-v7:23.1.1] AndroidManifest.xml:22:5-20
MERGED from [com.android.support:support-v4:23.1.1] AndroidManifest.xml:22:5-20
MERGED from [com.android.support:support-v4:23.1.1] AndroidManifest.xml:22:5-20
MERGED from [com.android.support:support-v4:23.1.1] AndroidManifest.xml:22:5-20
	android:label
		ADDED from src\main\AndroidManifest.xml:13:9-41
	android:allowBackup
		ADDED from src\main\AndroidManifest.xml:12:18-44
	android:icon
		ADDED from src\main\AndroidManifest.xml:14:9-42
	android:theme
		ADDED from src\main\AndroidManifest.xml:15:9-59
activity#com.cs407.geneskeyboarddeluxe.MainActivity
ADDED from src\main\AndroidManifest.xml:17:9-26:20
	android:screenOrientation
		ADDED from src\main\AndroidManifest.xml:20:19-56
	android:label
		ADDED from src\main\AndroidManifest.xml:18:19-51
	android:uiOptions
		ADDED from src\main\AndroidManifest.xml:19:19-63
	android:name
		ADDED from src\main\AndroidManifest.xml:17:19-76
intent-filter#android.intent.action.MAIN+android.intent.category.LAUNCHER
ADDED from src\main\AndroidManifest.xml:22:13-25:29
action#android.intent.action.MAIN
ADDED from src\main\AndroidManifest.xml:23:17-69
	android:name
		ADDED from src\main\AndroidManifest.xml:23:25-66
category#android.intent.category.LAUNCHER
ADDED from src\main\AndroidManifest.xml:24:17-77
	android:name
		ADDED from src\main\AndroidManifest.xml:24:27-74
uses-sdk
INJECTED from src\main\AndroidManifest.xml reason: use-sdk injection requested
MERGED from [com.android.support:support-v4:23.1.1] AndroidManifest.xml:20:5-43
MERGED from [com.android.support:gridlayout-v7:23.1.0] AndroidManifest.xml:20:5-43
MERGED from [com.android.support:support-v4:23.1.1] AndroidManifest.xml:20:5-43
MERGED from [com.android.support:cardview-v7:23.1.0] AndroidManifest.xml:20:5-43
MERGED from [com.android.support:appcompat-v7:23.1.1] AndroidManifest.xml:20:5-43
MERGED from [com.android.support:support-v4:23.1.1] AndroidManifest.xml:20:5-43
MERGED from [com.android.support:design:23.1.1] AndroidManifest.xml:20:5-43
MERGED from [com.android.support:appcompat-v7:23.1.1] AndroidManifest.xml:20:5-43
MERGED from [com.android.support:support-v4:23.1.1] AndroidManifest.xml:20:5-43
MERGED from [com.android.support:recyclerview-v7:23.1.1] AndroidManifest.xml:20:5-43
MERGED from [com.android.support:support-v4:23.1.1] AndroidManifest.xml:20:5-43
MERGED from [com.android.support:support-v4:23.1.1] AndroidManifest.xml:20:5-43
	android:targetSdkVersion
		INJECTED from src\main\AndroidManifest.xml
		INJECTED from src\main\AndroidManifest.xml
	android:minSdkVersion
		INJECTED from src\main\AndroidManifest.xml
		INJECTED from src\main\AndroidManifest.xml